Determining if the pthread_create exist failed with the following output:
Change Dir: /home/morgan/Projects/Dungeon on the fly/cmake-build-debug/CMakeFiles/CMakeTmp

Run Build Command:"/usr/bin/make" "cmTC_d2aae/fast"
/usr/bin/make -f CMakeFiles/cmTC_d2aae.dir/build.make CMakeFiles/cmTC_d2aae.dir/build
make[1]: Entering directory '/home/morgan/Projects/Dungeon on the fly/cmake-build-debug/CMakeFiles/CMakeTmp'
Building C object CMakeFiles/cmTC_d2aae.dir/CheckSymbolExists.c.o
/usr/bin/cc     -o CMakeFiles/cmTC_d2aae.dir/CheckSymbolExists.c.o   -c "/home/morgan/Projects/Dungeon on the fly/cmake-build-debug/CMakeFiles/CMakeTmp/CheckSymbolExists.c"
Linking C executable cmTC_d2aae
/home/morgan/Desktop/clion-2016.2.3/bin/cmake/bin/cmake -E cmake_link_script CMakeFiles/cmTC_d2aae.dir/link.txt --verbose=1
/usr/bin/cc       CMakeFiles/cmTC_d2aae.dir/CheckSymbolExists.c.o  -o cmTC_d2aae -rdynamic 
CMakeFiles/cmTC_d2aae.dir/CheckSymbolExists.c.o: In function `main':
CheckSymbolExists.c:(.text+0x16): undefined reference to `pthread_create'
collect2: error: ld returned 1 exit status
CMakeFiles/cmTC_d2aae.dir/build.make:97: recipe for target 'cmTC_d2aae' failed
make[1]: *** [cmTC_d2aae] Error 1
make[1]: Leaving directory '/home/morgan/Projects/Dungeon on the fly/cmake-build-debug/CMakeFiles/CMakeTmp'
Makefile:126: recipe for target 'cmTC_d2aae/fast' failed
make: *** [cmTC_d2aae/fast] Error 2

File /home/morgan/Projects/Dungeon on the fly/cmake-build-debug/CMakeFiles/CMakeTmp/CheckSymbolExists.c:
/* */
#include <pthread.h>

int main(int argc, char** argv)
{
  (void)argv;
#ifndef pthread_create
  return ((int*)(&pthread_create))[argc];
#else
  (void)argc;
  return 0;
#endif
}

Determining if the function pthread_create exists in the pthreads failed with the following output:
Change Dir: /home/morgan/Projects/Dungeon on the fly/cmake-build-debug/CMakeFiles/CMakeTmp

Run Build Command:"/usr/bin/make" "cmTC_8c7e2/fast"
/usr/bin/make -f CMakeFiles/cmTC_8c7e2.dir/build.make CMakeFiles/cmTC_8c7e2.dir/build
make[1]: Entering directory '/home/morgan/Projects/Dungeon on the fly/cmake-build-debug/CMakeFiles/CMakeTmp'
Building C object CMakeFiles/cmTC_8c7e2.dir/CheckFunctionExists.c.o
/usr/bin/cc    -DCHECK_FUNCTION_EXISTS=pthread_create   -o CMakeFiles/cmTC_8c7e2.dir/CheckFunctionExists.c.o   -c /home/morgan/Desktop/clion-2016.2.3/bin/cmake/share/cmake-3.6/Modules/CheckFunctionExists.c
Linking C executable cmTC_8c7e2
/home/morgan/Desktop/clion-2016.2.3/bin/cmake/bin/cmake -E cmake_link_script CMakeFiles/cmTC_8c7e2.dir/link.txt --verbose=1
/usr/bin/cc   -DCHECK_FUNCTION_EXISTS=pthread_create    CMakeFiles/cmTC_8c7e2.dir/CheckFunctionExists.c.o  -o cmTC_8c7e2 -rdynamic -lpthreads 
/usr/bin/ld: cannot find -lpthreads
collect2: error: ld returned 1 exit status
CMakeFiles/cmTC_8c7e2.dir/build.make:97: recipe for target 'cmTC_8c7e2' failed
make[1]: *** [cmTC_8c7e2] Error 1
make[1]: Leaving directory '/home/morgan/Projects/Dungeon on the fly/cmake-build-debug/CMakeFiles/CMakeTmp'
Makefile:126: recipe for target 'cmTC_8c7e2/fast' failed
make: *** [cmTC_8c7e2/fast] Error 2


Determining if the posix_memalign exist failed with the following output:
Change Dir: /home/morgan/Projects/Dungeon on the fly/cmake-build-debug/CMakeFiles/CMakeTmp

Run Build Command:"/usr/bin/make" "cmTC_cf616/fast"
/usr/bin/make -f CMakeFiles/cmTC_cf616.dir/build.make CMakeFiles/cmTC_cf616.dir/build
make[1]: Entering directory '/home/morgan/Projects/Dungeon on the fly/cmake-build-debug/CMakeFiles/CMakeTmp'
Building C object CMakeFiles/cmTC_cf616.dir/CheckSymbolExists.c.o
/usr/bin/cc    -std=c11     -o CMakeFiles/cmTC_cf616.dir/CheckSymbolExists.c.o   -c "/home/morgan/Projects/Dungeon on the fly/cmake-build-debug/CMakeFiles/CMakeTmp/CheckSymbolExists.c"
/home/morgan/Projects/Dungeon on the fly/cmake-build-debug/CMakeFiles/CMakeTmp/CheckSymbolExists.c: In function ‘main’:
/home/morgan/Projects/Dungeon on the fly/cmake-build-debug/CMakeFiles/CMakeTmp/CheckSymbolExists.c:8:19: error: ‘posix_memalign’ undeclared (first use in this function)
   return ((int*)(&posix_memalign))[argc];
                   ^
/home/morgan/Projects/Dungeon on the fly/cmake-build-debug/CMakeFiles/CMakeTmp/CheckSymbolExists.c:8:19: note: each undeclared identifier is reported only once for each function it appears in
CMakeFiles/cmTC_cf616.dir/build.make:65: recipe for target 'CMakeFiles/cmTC_cf616.dir/CheckSymbolExists.c.o' failed
make[1]: *** [CMakeFiles/cmTC_cf616.dir/CheckSymbolExists.c.o] Error 1
make[1]: Leaving directory '/home/morgan/Projects/Dungeon on the fly/cmake-build-debug/CMakeFiles/CMakeTmp'
Makefile:126: recipe for target 'cmTC_cf616/fast' failed
make: *** [cmTC_cf616/fast] Error 2

File /home/morgan/Projects/Dungeon on the fly/cmake-build-debug/CMakeFiles/CMakeTmp/CheckSymbolExists.c:
/* */
#include <stdlib.h>

int main(int argc, char** argv)
{
  (void)argv;
#ifndef posix_memalign
  return ((int*)(&posix_memalign))[argc];
#else
  (void)argc;
  return 0;
#endif
}

Determining if the include file intrin.h exists failed with the following output:
Change Dir: /home/morgan/Projects/Dungeon on the fly/cmake-build-debug/CMakeFiles/CMakeTmp

Run Build Command:"/usr/bin/make" "cmTC_1e06a/fast"
/usr/bin/make -f CMakeFiles/cmTC_1e06a.dir/build.make CMakeFiles/cmTC_1e06a.dir/build
make[1]: Entering directory '/home/morgan/Projects/Dungeon on the fly/cmake-build-debug/CMakeFiles/CMakeTmp'
Building C object CMakeFiles/cmTC_1e06a.dir/CheckIncludeFile.c.o
/usr/bin/cc    -std=c11   -D_POSIX_C_SOURCE=200112L -D_XOPEN_SOURCE=500 -D_LARGEFILE_SOURCE -D_LARGE_FILES   -o CMakeFiles/cmTC_1e06a.dir/CheckIncludeFile.c.o   -c "/home/morgan/Projects/Dungeon on the fly/cmake-build-debug/CMakeFiles/CMakeTmp/CheckIncludeFile.c"
/home/morgan/Projects/Dungeon on the fly/cmake-build-debug/CMakeFiles/CMakeTmp/CheckIncludeFile.c:1:20: fatal error: intrin.h: No such file or directory
compilation terminated.
CMakeFiles/cmTC_1e06a.dir/build.make:65: recipe for target 'CMakeFiles/cmTC_1e06a.dir/CheckIncludeFile.c.o' failed
make[1]: *** [CMakeFiles/cmTC_1e06a.dir/CheckIncludeFile.c.o] Error 1
make[1]: Leaving directory '/home/morgan/Projects/Dungeon on the fly/cmake-build-debug/CMakeFiles/CMakeTmp'
Makefile:126: recipe for target 'cmTC_1e06a/fast' failed
make: *** [cmTC_1e06a/fast] Error 2


Determining if the include file sys/sysconf.h exists failed with the following output:
Change Dir: /home/morgan/Projects/Dungeon on the fly/cmake-build-debug/CMakeFiles/CMakeTmp

Run Build Command:"/usr/bin/make" "cmTC_e68b5/fast"
/usr/bin/make -f CMakeFiles/cmTC_e68b5.dir/build.make CMakeFiles/cmTC_e68b5.dir/build
make[1]: Entering directory '/home/morgan/Projects/Dungeon on the fly/cmake-build-debug/CMakeFiles/CMakeTmp'
Building C object CMakeFiles/cmTC_e68b5.dir/CheckIncludeFile.c.o
/usr/bin/cc    -std=c11   -D_POSIX_C_SOURCE=200112L -D_XOPEN_SOURCE=500 -D_LARGEFILE_SOURCE -D_LARGE_FILES   -o CMakeFiles/cmTC_e68b5.dir/CheckIncludeFile.c.o   -c "/home/morgan/Projects/Dungeon on the fly/cmake-build-debug/CMakeFiles/CMakeTmp/CheckIncludeFile.c"
/home/morgan/Projects/Dungeon on the fly/cmake-build-debug/CMakeFiles/CMakeTmp/CheckIncludeFile.c:1:25: fatal error: sys/sysconf.h: No such file or directory
compilation terminated.
CMakeFiles/cmTC_e68b5.dir/build.make:65: recipe for target 'CMakeFiles/cmTC_e68b5.dir/CheckIncludeFile.c.o' failed
make[1]: *** [CMakeFiles/cmTC_e68b5.dir/CheckIncludeFile.c.o] Error 1
make[1]: Leaving directory '/home/morgan/Projects/Dungeon on the fly/cmake-build-debug/CMakeFiles/CMakeTmp'
Makefile:126: recipe for target 'cmTC_e68b5/fast' failed
make: *** [cmTC_e68b5/fast] Error 2


Determining if the include file ieeefp.h exists failed with the following output:
Change Dir: /home/morgan/Projects/Dungeon on the fly/cmake-build-debug/CMakeFiles/CMakeTmp

Run Build Command:"/usr/bin/make" "cmTC_0d6d0/fast"
/usr/bin/make -f CMakeFiles/cmTC_0d6d0.dir/build.make CMakeFiles/cmTC_0d6d0.dir/build
make[1]: Entering directory '/home/morgan/Projects/Dungeon on the fly/cmake-build-debug/CMakeFiles/CMakeTmp'
Building C object CMakeFiles/cmTC_0d6d0.dir/CheckIncludeFile.c.o
/usr/bin/cc    -std=c11   -D_POSIX_C_SOURCE=200112L -D_XOPEN_SOURCE=500 -D_LARGEFILE_SOURCE -D_LARGE_FILES   -o CMakeFiles/cmTC_0d6d0.dir/CheckIncludeFile.c.o   -c "/home/morgan/Projects/Dungeon on the fly/cmake-build-debug/CMakeFiles/CMakeTmp/CheckIncludeFile.c"
/home/morgan/Projects/Dungeon on the fly/cmake-build-debug/CMakeFiles/CMakeTmp/CheckIncludeFile.c:1:20: fatal error: ieeefp.h: No such file or directory
compilation terminated.
CMakeFiles/cmTC_0d6d0.dir/build.make:65: recipe for target 'CMakeFiles/cmTC_0d6d0.dir/CheckIncludeFile.c.o' failed
make[1]: *** [CMakeFiles/cmTC_0d6d0.dir/CheckIncludeFile.c.o] Error 1
make[1]: Leaving directory '/home/morgan/Projects/Dungeon on the fly/cmake-build-debug/CMakeFiles/CMakeTmp'
Makefile:126: recipe for target 'cmTC_0d6d0/fast' failed
make: *** [cmTC_0d6d0/fast] Error 2


Determining if the include file guiddef.h exists failed with the following output:
Change Dir: /home/morgan/Projects/Dungeon on the fly/cmake-build-debug/CMakeFiles/CMakeTmp

Run Build Command:"/usr/bin/make" "cmTC_c97c0/fast"
/usr/bin/make -f CMakeFiles/cmTC_c97c0.dir/build.make CMakeFiles/cmTC_c97c0.dir/build
make[1]: Entering directory '/home/morgan/Projects/Dungeon on the fly/cmake-build-debug/CMakeFiles/CMakeTmp'
Building C object CMakeFiles/cmTC_c97c0.dir/CheckIncludeFile.c.o
/usr/bin/cc    -std=c11   -D_POSIX_C_SOURCE=200112L -D_XOPEN_SOURCE=500 -D_LARGEFILE_SOURCE -D_LARGE_FILES   -o CMakeFiles/cmTC_c97c0.dir/CheckIncludeFile.c.o   -c "/home/morgan/Projects/Dungeon on the fly/cmake-build-debug/CMakeFiles/CMakeTmp/CheckIncludeFile.c"
/home/morgan/Projects/Dungeon on the fly/cmake-build-debug/CMakeFiles/CMakeTmp/CheckIncludeFile.c:1:21: fatal error: guiddef.h: No such file or directory
compilation terminated.
CMakeFiles/cmTC_c97c0.dir/build.make:65: recipe for target 'CMakeFiles/cmTC_c97c0.dir/CheckIncludeFile.c.o' failed
make[1]: *** [CMakeFiles/cmTC_c97c0.dir/CheckIncludeFile.c.o] Error 1
make[1]: Leaving directory '/home/morgan/Projects/Dungeon on the fly/cmake-build-debug/CMakeFiles/CMakeTmp'
Makefile:126: recipe for target 'cmTC_c97c0/fast' failed
make: *** [cmTC_c97c0/fast] Error 2


Determining if the include file initguid.h exists failed with the following output:
Change Dir: /home/morgan/Projects/Dungeon on the fly/cmake-build-debug/CMakeFiles/CMakeTmp

Run Build Command:"/usr/bin/make" "cmTC_92276/fast"
/usr/bin/make -f CMakeFiles/cmTC_92276.dir/build.make CMakeFiles/cmTC_92276.dir/build
make[1]: Entering directory '/home/morgan/Projects/Dungeon on the fly/cmake-build-debug/CMakeFiles/CMakeTmp'
Building C object CMakeFiles/cmTC_92276.dir/CheckIncludeFile.c.o
/usr/bin/cc    -std=c11   -D_POSIX_C_SOURCE=200112L -D_XOPEN_SOURCE=500 -D_LARGEFILE_SOURCE -D_LARGE_FILES   -o CMakeFiles/cmTC_92276.dir/CheckIncludeFile.c.o   -c "/home/morgan/Projects/Dungeon on the fly/cmake-build-debug/CMakeFiles/CMakeTmp/CheckIncludeFile.c"
/home/morgan/Projects/Dungeon on the fly/cmake-build-debug/CMakeFiles/CMakeTmp/CheckIncludeFile.c:1:22: fatal error: initguid.h: No such file or directory
compilation terminated.
CMakeFiles/cmTC_92276.dir/build.make:65: recipe for target 'CMakeFiles/cmTC_92276.dir/CheckIncludeFile.c.o' failed
make[1]: *** [CMakeFiles/cmTC_92276.dir/CheckIncludeFile.c.o] Error 1
make[1]: Leaving directory '/home/morgan/Projects/Dungeon on the fly/cmake-build-debug/CMakeFiles/CMakeTmp'
Makefile:126: recipe for target 'cmTC_92276/fast' failed
make: *** [cmTC_92276/fast] Error 2


Determining if the _aligned_malloc exist failed with the following output:
Change Dir: /home/morgan/Projects/Dungeon on the fly/cmake-build-debug/CMakeFiles/CMakeTmp

Run Build Command:"/usr/bin/make" "cmTC_1ea09/fast"
/usr/bin/make -f CMakeFiles/cmTC_1ea09.dir/build.make CMakeFiles/cmTC_1ea09.dir/build
make[1]: Entering directory '/home/morgan/Projects/Dungeon on the fly/cmake-build-debug/CMakeFiles/CMakeTmp'
Building C object CMakeFiles/cmTC_1ea09.dir/CheckSymbolExists.c.o
/usr/bin/cc    -std=c11   -D_POSIX_C_SOURCE=200112L -D_XOPEN_SOURCE=500 -D_LARGEFILE_SOURCE -D_LARGE_FILES   -o CMakeFiles/cmTC_1ea09.dir/CheckSymbolExists.c.o   -c "/home/morgan/Projects/Dungeon on the fly/cmake-build-debug/CMakeFiles/CMakeTmp/CheckSymbolExists.c"
/home/morgan/Projects/Dungeon on the fly/cmake-build-debug/CMakeFiles/CMakeTmp/CheckSymbolExists.c: In function ‘main’:
/home/morgan/Projects/Dungeon on the fly/cmake-build-debug/CMakeFiles/CMakeTmp/CheckSymbolExists.c:8:19: error: ‘_aligned_malloc’ undeclared (first use in this function)
   return ((int*)(&_aligned_malloc))[argc];
                   ^
/home/morgan/Projects/Dungeon on the fly/cmake-build-debug/CMakeFiles/CMakeTmp/CheckSymbolExists.c:8:19: note: each undeclared identifier is reported only once for each function it appears in
CMakeFiles/cmTC_1ea09.dir/build.make:65: recipe for target 'CMakeFiles/cmTC_1ea09.dir/CheckSymbolExists.c.o' failed
make[1]: *** [CMakeFiles/cmTC_1ea09.dir/CheckSymbolExists.c.o] Error 1
make[1]: Leaving directory '/home/morgan/Projects/Dungeon on the fly/cmake-build-debug/CMakeFiles/CMakeTmp'
Makefile:126: recipe for target 'cmTC_1ea09/fast' failed
make: *** [cmTC_1ea09/fast] Error 2

File /home/morgan/Projects/Dungeon on the fly/cmake-build-debug/CMakeFiles/CMakeTmp/CheckSymbolExists.c:
/* */
#include <malloc.h>

int main(int argc, char** argv)
{
  (void)argv;
#ifndef _aligned_malloc
  return ((int*)(&_aligned_malloc))[argc];
#else
  (void)argc;
  return 0;
#endif
}

Determining if the _controlfp exist failed with the following output:
Change Dir: /home/morgan/Projects/Dungeon on the fly/cmake-build-debug/CMakeFiles/CMakeTmp

Run Build Command:"/usr/bin/make" "cmTC_ccd8d/fast"
/usr/bin/make -f CMakeFiles/cmTC_ccd8d.dir/build.make CMakeFiles/cmTC_ccd8d.dir/build
make[1]: Entering directory '/home/morgan/Projects/Dungeon on the fly/cmake-build-debug/CMakeFiles/CMakeTmp'
Building C object CMakeFiles/cmTC_ccd8d.dir/CheckSymbolExists.c.o
/usr/bin/cc    -std=c11   -D_POSIX_C_SOURCE=200112L -D_XOPEN_SOURCE=500 -D_LARGEFILE_SOURCE -D_LARGE_FILES   -o CMakeFiles/cmTC_ccd8d.dir/CheckSymbolExists.c.o   -c "/home/morgan/Projects/Dungeon on the fly/cmake-build-debug/CMakeFiles/CMakeTmp/CheckSymbolExists.c"
/home/morgan/Projects/Dungeon on the fly/cmake-build-debug/CMakeFiles/CMakeTmp/CheckSymbolExists.c: In function ‘main’:
/home/morgan/Projects/Dungeon on the fly/cmake-build-debug/CMakeFiles/CMakeTmp/CheckSymbolExists.c:8:19: error: ‘_controlfp’ undeclared (first use in this function)
   return ((int*)(&_controlfp))[argc];
                   ^
/home/morgan/Projects/Dungeon on the fly/cmake-build-debug/CMakeFiles/CMakeTmp/CheckSymbolExists.c:8:19: note: each undeclared identifier is reported only once for each function it appears in
CMakeFiles/cmTC_ccd8d.dir/build.make:65: recipe for target 'CMakeFiles/cmTC_ccd8d.dir/CheckSymbolExists.c.o' failed
make[1]: *** [CMakeFiles/cmTC_ccd8d.dir/CheckSymbolExists.c.o] Error 1
make[1]: Leaving directory '/home/morgan/Projects/Dungeon on the fly/cmake-build-debug/CMakeFiles/CMakeTmp'
Makefile:126: recipe for target 'cmTC_ccd8d/fast' failed
make: *** [cmTC_ccd8d/fast] Error 2

File /home/morgan/Projects/Dungeon on the fly/cmake-build-debug/CMakeFiles/CMakeTmp/CheckSymbolExists.c:
/* */
#include <float.h>

int main(int argc, char** argv)
{
  (void)argv;
#ifndef _controlfp
  return ((int*)(&_controlfp))[argc];
#else
  (void)argc;
  return 0;
#endif
}

Determining if the __control87_2 exist failed with the following output:
Change Dir: /home/morgan/Projects/Dungeon on the fly/cmake-build-debug/CMakeFiles/CMakeTmp

Run Build Command:"/usr/bin/make" "cmTC_399b5/fast"
/usr/bin/make -f CMakeFiles/cmTC_399b5.dir/build.make CMakeFiles/cmTC_399b5.dir/build
make[1]: Entering directory '/home/morgan/Projects/Dungeon on the fly/cmake-build-debug/CMakeFiles/CMakeTmp'
Building C object CMakeFiles/cmTC_399b5.dir/CheckSymbolExists.c.o
/usr/bin/cc    -std=c11   -D_POSIX_C_SOURCE=200112L -D_XOPEN_SOURCE=500 -D_LARGEFILE_SOURCE -D_LARGE_FILES   -o CMakeFiles/cmTC_399b5.dir/CheckSymbolExists.c.o   -c "/home/morgan/Projects/Dungeon on the fly/cmake-build-debug/CMakeFiles/CMakeTmp/CheckSymbolExists.c"
/home/morgan/Projects/Dungeon on the fly/cmake-build-debug/CMakeFiles/CMakeTmp/CheckSymbolExists.c: In function ‘main’:
/home/morgan/Projects/Dungeon on the fly/cmake-build-debug/CMakeFiles/CMakeTmp/CheckSymbolExists.c:8:19: error: ‘__control87_2’ undeclared (first use in this function)
   return ((int*)(&__control87_2))[argc];
                   ^
/home/morgan/Projects/Dungeon on the fly/cmake-build-debug/CMakeFiles/CMakeTmp/CheckSymbolExists.c:8:19: note: each undeclared identifier is reported only once for each function it appears in
CMakeFiles/cmTC_399b5.dir/build.make:65: recipe for target 'CMakeFiles/cmTC_399b5.dir/CheckSymbolExists.c.o' failed
make[1]: *** [CMakeFiles/cmTC_399b5.dir/CheckSymbolExists.c.o] Error 1
make[1]: Leaving directory '/home/morgan/Projects/Dungeon on the fly/cmake-build-debug/CMakeFiles/CMakeTmp'
Makefile:126: recipe for target 'cmTC_399b5/fast' failed
make: *** [cmTC_399b5/fast] Error 2

File /home/morgan/Projects/Dungeon on the fly/cmake-build-debug/CMakeFiles/CMakeTmp/CheckSymbolExists.c:
/* */
#include <float.h>

int main(int argc, char** argv)
{
  (void)argv;
#ifndef __control87_2
  return ((int*)(&__control87_2))[argc];
#else
  (void)argc;
  return 0;
#endif
}

Determining if the strnlen exist failed with the following output:
Change Dir: /home/morgan/Projects/Dungeon on the fly/cmake-build-debug/CMakeFiles/CMakeTmp

Run Build Command:"/usr/bin/make" "cmTC_67ffe/fast"
/usr/bin/make -f CMakeFiles/cmTC_67ffe.dir/build.make CMakeFiles/cmTC_67ffe.dir/build
make[1]: Entering directory '/home/morgan/Projects/Dungeon on the fly/cmake-build-debug/CMakeFiles/CMakeTmp'
Building C object CMakeFiles/cmTC_67ffe.dir/CheckSymbolExists.c.o
/usr/bin/cc    -std=c11   -D_POSIX_C_SOURCE=200112L -D_XOPEN_SOURCE=500 -D_LARGEFILE_SOURCE -D_LARGE_FILES   -o CMakeFiles/cmTC_67ffe.dir/CheckSymbolExists.c.o   -c "/home/morgan/Projects/Dungeon on the fly/cmake-build-debug/CMakeFiles/CMakeTmp/CheckSymbolExists.c"
/home/morgan/Projects/Dungeon on the fly/cmake-build-debug/CMakeFiles/CMakeTmp/CheckSymbolExists.c: In function ‘main’:
/home/morgan/Projects/Dungeon on the fly/cmake-build-debug/CMakeFiles/CMakeTmp/CheckSymbolExists.c:8:19: error: ‘strnlen’ undeclared (first use in this function)
   return ((int*)(&strnlen))[argc];
                   ^
/home/morgan/Projects/Dungeon on the fly/cmake-build-debug/CMakeFiles/CMakeTmp/CheckSymbolExists.c:8:19: note: each undeclared identifier is reported only once for each function it appears in
CMakeFiles/cmTC_67ffe.dir/build.make:65: recipe for target 'CMakeFiles/cmTC_67ffe.dir/CheckSymbolExists.c.o' failed
make[1]: *** [CMakeFiles/cmTC_67ffe.dir/CheckSymbolExists.c.o] Error 1
make[1]: Leaving directory '/home/morgan/Projects/Dungeon on the fly/cmake-build-debug/CMakeFiles/CMakeTmp'
Makefile:126: recipe for target 'cmTC_67ffe/fast' failed
make: *** [cmTC_67ffe/fast] Error 2

File /home/morgan/Projects/Dungeon on the fly/cmake-build-debug/CMakeFiles/CMakeTmp/CheckSymbolExists.c:
/* */
#include <string.h>

int main(int argc, char** argv)
{
  (void)argv;
#ifndef strnlen
  return ((int*)(&strnlen))[argc];
#else
  (void)argc;
  return 0;
#endif
}

Determining if the include file windows.h exists failed with the following output:
Change Dir: /home/morgan/Projects/Dungeon on the fly/cmake-build-debug/CMakeFiles/CMakeTmp

Run Build Command:"/usr/bin/make" "cmTC_6970f/fast"
/usr/bin/make -f CMakeFiles/cmTC_6970f.dir/build.make CMakeFiles/cmTC_6970f.dir/build
make[1]: Entering directory '/home/morgan/Projects/Dungeon on the fly/cmake-build-debug/CMakeFiles/CMakeTmp'
Building C object CMakeFiles/cmTC_6970f.dir/CheckIncludeFile.c.o
/usr/bin/cc    -std=c11  -D_WIN32_WINNT=0x0502  -D_POSIX_C_SOURCE=200112L -D_XOPEN_SOURCE=500 -D_LARGEFILE_SOURCE -D_LARGE_FILES   -o CMakeFiles/cmTC_6970f.dir/CheckIncludeFile.c.o   -c "/home/morgan/Projects/Dungeon on the fly/cmake-build-debug/CMakeFiles/CMakeTmp/CheckIncludeFile.c"
/home/morgan/Projects/Dungeon on the fly/cmake-build-debug/CMakeFiles/CMakeTmp/CheckIncludeFile.c:1:21: fatal error: windows.h: No such file or directory
compilation terminated.
CMakeFiles/cmTC_6970f.dir/build.make:65: recipe for target 'CMakeFiles/cmTC_6970f.dir/CheckIncludeFile.c.o' failed
make[1]: *** [CMakeFiles/cmTC_6970f.dir/CheckIncludeFile.c.o] Error 1
make[1]: Leaving directory '/home/morgan/Projects/Dungeon on the fly/cmake-build-debug/CMakeFiles/CMakeTmp'
Makefile:126: recipe for target 'cmTC_6970f/fast' failed
make: *** [cmTC_6970f/fast] Error 2


Determining if files pthread.h;pthread_np.h exist failed with the following output:
Change Dir: /home/morgan/Projects/Dungeon on the fly/cmake-build-debug/CMakeFiles/CMakeTmp

Run Build Command:"/usr/bin/make" "cmTC_7a581/fast"
/usr/bin/make -f CMakeFiles/cmTC_7a581.dir/build.make CMakeFiles/cmTC_7a581.dir/build
make[1]: Entering directory '/home/morgan/Projects/Dungeon on the fly/cmake-build-debug/CMakeFiles/CMakeTmp'
Building C object CMakeFiles/cmTC_7a581.dir/CheckIncludeFiles.c.o
/usr/bin/cc    -std=c11   -D_POSIX_C_SOURCE=200112L -D_XOPEN_SOURCE=500 -D_LARGEFILE_SOURCE -D_LARGE_FILES   -o CMakeFiles/cmTC_7a581.dir/CheckIncludeFiles.c.o   -c "/home/morgan/Projects/Dungeon on the fly/cmake-build-debug/CMakeFiles/CMakeTmp/CheckIncludeFiles.c"
/home/morgan/Projects/Dungeon on the fly/cmake-build-debug/CMakeFiles/CMakeTmp/CheckIncludeFiles.c:3:24: fatal error: pthread_np.h: No such file or directory
compilation terminated.
CMakeFiles/cmTC_7a581.dir/build.make:65: recipe for target 'CMakeFiles/cmTC_7a581.dir/CheckIncludeFiles.c.o' failed
make[1]: *** [CMakeFiles/cmTC_7a581.dir/CheckIncludeFiles.c.o] Error 1
make[1]: Leaving directory '/home/morgan/Projects/Dungeon on the fly/cmake-build-debug/CMakeFiles/CMakeTmp'
Makefile:126: recipe for target 'cmTC_7a581/fast' failed
make: *** [cmTC_7a581/fast] Error 2

Source:
/* */
#include <pthread.h>
#include <pthread_np.h>


int main(void){return 0;}

Determining if the pthread_setname_np exist failed with the following output:
Change Dir: /home/morgan/Projects/Dungeon on the fly/cmake-build-debug/CMakeFiles/CMakeTmp

Run Build Command:"/usr/bin/make" "cmTC_acbe4/fast"
/usr/bin/make -f CMakeFiles/cmTC_acbe4.dir/build.make CMakeFiles/cmTC_acbe4.dir/build
make[1]: Entering directory '/home/morgan/Projects/Dungeon on the fly/cmake-build-debug/CMakeFiles/CMakeTmp'
Building C object CMakeFiles/cmTC_acbe4.dir/CheckSymbolExists.c.o
/usr/bin/cc    -std=c11   -D_POSIX_C_SOURCE=200112L -D_XOPEN_SOURCE=500 -D_LARGEFILE_SOURCE -D_LARGE_FILES -pthread   -o CMakeFiles/cmTC_acbe4.dir/CheckSymbolExists.c.o   -c "/home/morgan/Projects/Dungeon on the fly/cmake-build-debug/CMakeFiles/CMakeTmp/CheckSymbolExists.c"
/home/morgan/Projects/Dungeon on the fly/cmake-build-debug/CMakeFiles/CMakeTmp/CheckSymbolExists.c: In function ‘main’:
/home/morgan/Projects/Dungeon on the fly/cmake-build-debug/CMakeFiles/CMakeTmp/CheckSymbolExists.c:8:19: error: ‘pthread_setname_np’ undeclared (first use in this function)
   return ((int*)(&pthread_setname_np))[argc];
                   ^
/home/morgan/Projects/Dungeon on the fly/cmake-build-debug/CMakeFiles/CMakeTmp/CheckSymbolExists.c:8:19: note: each undeclared identifier is reported only once for each function it appears in
CMakeFiles/cmTC_acbe4.dir/build.make:65: recipe for target 'CMakeFiles/cmTC_acbe4.dir/CheckSymbolExists.c.o' failed
make[1]: *** [CMakeFiles/cmTC_acbe4.dir/CheckSymbolExists.c.o] Error 1
make[1]: Leaving directory '/home/morgan/Projects/Dungeon on the fly/cmake-build-debug/CMakeFiles/CMakeTmp'
Makefile:126: recipe for target 'cmTC_acbe4/fast' failed
make: *** [cmTC_acbe4/fast] Error 2

File /home/morgan/Projects/Dungeon on the fly/cmake-build-debug/CMakeFiles/CMakeTmp/CheckSymbolExists.c:
/* */
#include <pthread.h>

int main(int argc, char** argv)
{
  (void)argv;
#ifndef pthread_setname_np
  return ((int*)(&pthread_setname_np))[argc];
#else
  (void)argc;
  return 0;
#endif
}

Determining if the pthread_set_name_np exist failed with the following output:
Change Dir: /home/morgan/Projects/Dungeon on the fly/cmake-build-debug/CMakeFiles/CMakeTmp

Run Build Command:"/usr/bin/make" "cmTC_dc0e8/fast"
/usr/bin/make -f CMakeFiles/cmTC_dc0e8.dir/build.make CMakeFiles/cmTC_dc0e8.dir/build
make[1]: Entering directory '/home/morgan/Projects/Dungeon on the fly/cmake-build-debug/CMakeFiles/CMakeTmp'
Building C object CMakeFiles/cmTC_dc0e8.dir/CheckSymbolExists.c.o
/usr/bin/cc    -std=c11   -D_POSIX_C_SOURCE=200112L -D_XOPEN_SOURCE=500 -D_LARGEFILE_SOURCE -D_LARGE_FILES -pthread   -o CMakeFiles/cmTC_dc0e8.dir/CheckSymbolExists.c.o   -c "/home/morgan/Projects/Dungeon on the fly/cmake-build-debug/CMakeFiles/CMakeTmp/CheckSymbolExists.c"
/home/morgan/Projects/Dungeon on the fly/cmake-build-debug/CMakeFiles/CMakeTmp/CheckSymbolExists.c: In function ‘main’:
/home/morgan/Projects/Dungeon on the fly/cmake-build-debug/CMakeFiles/CMakeTmp/CheckSymbolExists.c:8:19: error: ‘pthread_set_name_np’ undeclared (first use in this function)
   return ((int*)(&pthread_set_name_np))[argc];
                   ^
/home/morgan/Projects/Dungeon on the fly/cmake-build-debug/CMakeFiles/CMakeTmp/CheckSymbolExists.c:8:19: note: each undeclared identifier is reported only once for each function it appears in
CMakeFiles/cmTC_dc0e8.dir/build.make:65: recipe for target 'CMakeFiles/cmTC_dc0e8.dir/CheckSymbolExists.c.o' failed
make[1]: *** [CMakeFiles/cmTC_dc0e8.dir/CheckSymbolExists.c.o] Error 1
make[1]: Leaving directory '/home/morgan/Projects/Dungeon on the fly/cmake-build-debug/CMakeFiles/CMakeTmp'
Makefile:126: recipe for target 'cmTC_dc0e8/fast' failed
make: *** [cmTC_dc0e8/fast] Error 2

File /home/morgan/Projects/Dungeon on the fly/cmake-build-debug/CMakeFiles/CMakeTmp/CheckSymbolExists.c:
/* */
#include <pthread.h>

int main(int argc, char** argv)
{
  (void)argv;
#ifndef pthread_set_name_np
  return ((int*)(&pthread_set_name_np))[argc];
#else
  (void)argc;
  return 0;
#endif
}

Determining if the pthread_mutexattr_setkind_np exist failed with the following output:
Change Dir: /home/morgan/Projects/Dungeon on the fly/cmake-build-debug/CMakeFiles/CMakeTmp

Run Build Command:"/usr/bin/make" "cmTC_076fe/fast"
/usr/bin/make -f CMakeFiles/cmTC_076fe.dir/build.make CMakeFiles/cmTC_076fe.dir/build
make[1]: Entering directory '/home/morgan/Projects/Dungeon on the fly/cmake-build-debug/CMakeFiles/CMakeTmp'
Building C object CMakeFiles/cmTC_076fe.dir/CheckSymbolExists.c.o
/usr/bin/cc    -std=c11   -D_POSIX_C_SOURCE=200112L -D_XOPEN_SOURCE=500 -D_LARGEFILE_SOURCE -D_LARGE_FILES -pthread   -o CMakeFiles/cmTC_076fe.dir/CheckSymbolExists.c.o   -c "/home/morgan/Projects/Dungeon on the fly/cmake-build-debug/CMakeFiles/CMakeTmp/CheckSymbolExists.c"
/home/morgan/Projects/Dungeon on the fly/cmake-build-debug/CMakeFiles/CMakeTmp/CheckSymbolExists.c: In function ‘main’:
/home/morgan/Projects/Dungeon on the fly/cmake-build-debug/CMakeFiles/CMakeTmp/CheckSymbolExists.c:8:19: error: ‘pthread_mutexattr_setkind_np’ undeclared (first use in this function)
   return ((int*)(&pthread_mutexattr_setkind_np))[argc];
                   ^
/home/morgan/Projects/Dungeon on the fly/cmake-build-debug/CMakeFiles/CMakeTmp/CheckSymbolExists.c:8:19: note: each undeclared identifier is reported only once for each function it appears in
CMakeFiles/cmTC_076fe.dir/build.make:65: recipe for target 'CMakeFiles/cmTC_076fe.dir/CheckSymbolExists.c.o' failed
make[1]: *** [CMakeFiles/cmTC_076fe.dir/CheckSymbolExists.c.o] Error 1
make[1]: Leaving directory '/home/morgan/Projects/Dungeon on the fly/cmake-build-debug/CMakeFiles/CMakeTmp'
Makefile:126: recipe for target 'cmTC_076fe/fast' failed
make: *** [cmTC_076fe/fast] Error 2

File /home/morgan/Projects/Dungeon on the fly/cmake-build-debug/CMakeFiles/CMakeTmp/CheckSymbolExists.c:
/* */
#include <pthread.h>

int main(int argc, char** argv)
{
  (void)argv;
#ifndef pthread_mutexattr_setkind_np
  return ((int*)(&pthread_mutexattr_setkind_np))[argc];
#else
  (void)argc;
  return 0;
#endif
}

Determining if the include file arm_neon.h exists failed with the following output:
Change Dir: /home/morgan/Projects/Dungeon on the fly/cmake-build-debug/CMakeFiles/CMakeTmp

Run Build Command:"/usr/bin/make" "cmTC_08223/fast"
/usr/bin/make -f CMakeFiles/cmTC_08223.dir/build.make CMakeFiles/cmTC_08223.dir/build
make[1]: Entering directory '/home/morgan/Projects/Dungeon on the fly/cmake-build-debug/CMakeFiles/CMakeTmp'
Building C object CMakeFiles/cmTC_08223.dir/CheckIncludeFile.c.o
/usr/bin/cc    -std=c11   -D_POSIX_C_SOURCE=200112L -D_XOPEN_SOURCE=500 -D_LARGEFILE_SOURCE -D_LARGE_FILES -pthread   -o CMakeFiles/cmTC_08223.dir/CheckIncludeFile.c.o   -c "/home/morgan/Projects/Dungeon on the fly/cmake-build-debug/CMakeFiles/CMakeTmp/CheckIncludeFile.c"
/home/morgan/Projects/Dungeon on the fly/cmake-build-debug/CMakeFiles/CMakeTmp/CheckIncludeFile.c:1:22: fatal error: arm_neon.h: No such file or directory
compilation terminated.
CMakeFiles/cmTC_08223.dir/build.make:65: recipe for target 'CMakeFiles/cmTC_08223.dir/CheckIncludeFile.c.o' failed
make[1]: *** [CMakeFiles/cmTC_08223.dir/CheckIncludeFile.c.o] Error 1
make[1]: Leaving directory '/home/morgan/Projects/Dungeon on the fly/cmake-build-debug/CMakeFiles/CMakeTmp'
Makefile:126: recipe for target 'cmTC_08223/fast' failed
make: *** [cmTC_08223/fast] Error 2


Determining if files SLES/OpenSLES.h;SLES/OpenSLES_Android.h exist failed with the following output:
Change Dir: /home/morgan/Projects/Dungeon on the fly/cmake-build-debug/CMakeFiles/CMakeTmp

Run Build Command:"/usr/bin/make" "cmTC_f0d3f/fast"
/usr/bin/make -f CMakeFiles/cmTC_f0d3f.dir/build.make CMakeFiles/cmTC_f0d3f.dir/build
make[1]: Entering directory '/home/morgan/Projects/Dungeon on the fly/cmake-build-debug/CMakeFiles/CMakeTmp'
Building C object CMakeFiles/cmTC_f0d3f.dir/CheckIncludeFiles.c.o
/usr/bin/cc    -std=c11   -D_POSIX_C_SOURCE=200112L -D_XOPEN_SOURCE=500 -D_LARGEFILE_SOURCE -D_LARGE_FILES -pthread   -o CMakeFiles/cmTC_f0d3f.dir/CheckIncludeFiles.c.o   -c "/home/morgan/Projects/Dungeon on the fly/cmake-build-debug/CMakeFiles/CMakeTmp/CheckIncludeFiles.c"
/home/morgan/Projects/Dungeon on the fly/cmake-build-debug/CMakeFiles/CMakeTmp/CheckIncludeFiles.c:2:27: fatal error: SLES/OpenSLES.h: No such file or directory
compilation terminated.
CMakeFiles/cmTC_f0d3f.dir/build.make:65: recipe for target 'CMakeFiles/cmTC_f0d3f.dir/CheckIncludeFiles.c.o' failed
make[1]: *** [CMakeFiles/cmTC_f0d3f.dir/CheckIncludeFiles.c.o] Error 1
make[1]: Leaving directory '/home/morgan/Projects/Dungeon on the fly/cmake-build-debug/CMakeFiles/CMakeTmp'
Makefile:126: recipe for target 'cmTC_f0d3f/fast' failed
make: *** [cmTC_f0d3f/fast] Error 2

Source:
/* */
#include <SLES/OpenSLES.h>
#include <SLES/OpenSLES_Android.h>


int main(void){return 0;}

