Determining if the pthread_create exist failed with the following output:
Change Dir: /home/morgan/Projects/Dungeon on the fly/build/CMakeFiles/CMakeTmp

Run Build Command:"/usr/bin/make" "cmTC_0d2ff/fast"
/usr/bin/make -f CMakeFiles/cmTC_0d2ff.dir/build.make CMakeFiles/cmTC_0d2ff.dir/build
make[1]: Entering directory '/home/morgan/Projects/Dungeon on the fly/build/CMakeFiles/CMakeTmp'
Building C object CMakeFiles/cmTC_0d2ff.dir/CheckSymbolExists.c.o
/usr/bin/cc     -o CMakeFiles/cmTC_0d2ff.dir/CheckSymbolExists.c.o   -c "/home/morgan/Projects/Dungeon on the fly/build/CMakeFiles/CMakeTmp/CheckSymbolExists.c"
Linking C executable cmTC_0d2ff
/usr/bin/cmake -E cmake_link_script CMakeFiles/cmTC_0d2ff.dir/link.txt --verbose=1
/usr/bin/cc       CMakeFiles/cmTC_0d2ff.dir/CheckSymbolExists.c.o  -o cmTC_0d2ff -rdynamic 
CMakeFiles/cmTC_0d2ff.dir/CheckSymbolExists.c.o: In function `main':
CheckSymbolExists.c:(.text+0x16): undefined reference to `pthread_create'
collect2: error: ld returned 1 exit status
CMakeFiles/cmTC_0d2ff.dir/build.make:97: recipe for target 'cmTC_0d2ff' failed
make[1]: *** [cmTC_0d2ff] Error 1
make[1]: Leaving directory '/home/morgan/Projects/Dungeon on the fly/build/CMakeFiles/CMakeTmp'
Makefile:126: recipe for target 'cmTC_0d2ff/fast' failed
make: *** [cmTC_0d2ff/fast] Error 2

File /home/morgan/Projects/Dungeon on the fly/build/CMakeFiles/CMakeTmp/CheckSymbolExists.c:
/* */
#include <pthread.h>

int main(int argc, char** argv)
{
  (void)argv;
#ifndef pthread_create
  return ((int*)(&pthread_create))[argc];
#else
  (void)argc;
  return 0;
#endif
}

Determining if the function pthread_create exists in the pthreads failed with the following output:
Change Dir: /home/morgan/Projects/Dungeon on the fly/build/CMakeFiles/CMakeTmp

Run Build Command:"/usr/bin/make" "cmTC_95d12/fast"
/usr/bin/make -f CMakeFiles/cmTC_95d12.dir/build.make CMakeFiles/cmTC_95d12.dir/build
make[1]: Entering directory '/home/morgan/Projects/Dungeon on the fly/build/CMakeFiles/CMakeTmp'
Building C object CMakeFiles/cmTC_95d12.dir/CheckFunctionExists.c.o
/usr/bin/cc    -DCHECK_FUNCTION_EXISTS=pthread_create   -o CMakeFiles/cmTC_95d12.dir/CheckFunctionExists.c.o   -c /usr/share/cmake-3.5/Modules/CheckFunctionExists.c
Linking C executable cmTC_95d12
/usr/bin/cmake -E cmake_link_script CMakeFiles/cmTC_95d12.dir/link.txt --verbose=1
/usr/bin/cc   -DCHECK_FUNCTION_EXISTS=pthread_create    CMakeFiles/cmTC_95d12.dir/CheckFunctionExists.c.o  -o cmTC_95d12 -rdynamic -lpthreads 
/usr/bin/ld: cannot find -lpthreads
collect2: error: ld returned 1 exit status
CMakeFiles/cmTC_95d12.dir/build.make:97: recipe for target 'cmTC_95d12' failed
make[1]: *** [cmTC_95d12] Error 1
make[1]: Leaving directory '/home/morgan/Projects/Dungeon on the fly/build/CMakeFiles/CMakeTmp'
Makefile:126: recipe for target 'cmTC_95d12/fast' failed
make: *** [cmTC_95d12/fast] Error 2


Determining if the posix_memalign exist failed with the following output:
Change Dir: /home/morgan/Projects/Dungeon on the fly/build/CMakeFiles/CMakeTmp

Run Build Command:"/usr/bin/make" "cmTC_d52be/fast"
/usr/bin/make -f CMakeFiles/cmTC_d52be.dir/build.make CMakeFiles/cmTC_d52be.dir/build
make[1]: Entering directory '/home/morgan/Projects/Dungeon on the fly/build/CMakeFiles/CMakeTmp'
Building C object CMakeFiles/cmTC_d52be.dir/CheckSymbolExists.c.o
/usr/bin/cc    -std=c11     -o CMakeFiles/cmTC_d52be.dir/CheckSymbolExists.c.o   -c "/home/morgan/Projects/Dungeon on the fly/build/CMakeFiles/CMakeTmp/CheckSymbolExists.c"
/home/morgan/Projects/Dungeon on the fly/build/CMakeFiles/CMakeTmp/CheckSymbolExists.c: In function ‘main’:
/home/morgan/Projects/Dungeon on the fly/build/CMakeFiles/CMakeTmp/CheckSymbolExists.c:8:19: error: ‘posix_memalign’ undeclared (first use in this function)
   return ((int*)(&posix_memalign))[argc];
                   ^
/home/morgan/Projects/Dungeon on the fly/build/CMakeFiles/CMakeTmp/CheckSymbolExists.c:8:19: note: each undeclared identifier is reported only once for each function it appears in
CMakeFiles/cmTC_d52be.dir/build.make:65: recipe for target 'CMakeFiles/cmTC_d52be.dir/CheckSymbolExists.c.o' failed
make[1]: *** [CMakeFiles/cmTC_d52be.dir/CheckSymbolExists.c.o] Error 1
make[1]: Leaving directory '/home/morgan/Projects/Dungeon on the fly/build/CMakeFiles/CMakeTmp'
Makefile:126: recipe for target 'cmTC_d52be/fast' failed
make: *** [cmTC_d52be/fast] Error 2

File /home/morgan/Projects/Dungeon on the fly/build/CMakeFiles/CMakeTmp/CheckSymbolExists.c:
/* */
#include <stdlib.h>

int main(int argc, char** argv)
{
  (void)argv;
#ifndef posix_memalign
  return ((int*)(&posix_memalign))[argc];
#else
  (void)argc;
  return 0;
#endif
}

Determining if the include file intrin.h exists failed with the following output:
Change Dir: /home/morgan/Projects/Dungeon on the fly/build/CMakeFiles/CMakeTmp

Run Build Command:"/usr/bin/make" "cmTC_9bbfc/fast"
/usr/bin/make -f CMakeFiles/cmTC_9bbfc.dir/build.make CMakeFiles/cmTC_9bbfc.dir/build
make[1]: Entering directory '/home/morgan/Projects/Dungeon on the fly/build/CMakeFiles/CMakeTmp'
Building C object CMakeFiles/cmTC_9bbfc.dir/CheckIncludeFile.c.o
/usr/bin/cc    -std=c11   -D_POSIX_C_SOURCE=200112L -D_XOPEN_SOURCE=500 -D_LARGEFILE_SOURCE -D_LARGE_FILES   -o CMakeFiles/cmTC_9bbfc.dir/CheckIncludeFile.c.o   -c "/home/morgan/Projects/Dungeon on the fly/build/CMakeFiles/CMakeTmp/CheckIncludeFile.c"
/home/morgan/Projects/Dungeon on the fly/build/CMakeFiles/CMakeTmp/CheckIncludeFile.c:1:20: fatal error: intrin.h: No such file or directory
compilation terminated.
CMakeFiles/cmTC_9bbfc.dir/build.make:65: recipe for target 'CMakeFiles/cmTC_9bbfc.dir/CheckIncludeFile.c.o' failed
make[1]: *** [CMakeFiles/cmTC_9bbfc.dir/CheckIncludeFile.c.o] Error 1
make[1]: Leaving directory '/home/morgan/Projects/Dungeon on the fly/build/CMakeFiles/CMakeTmp'
Makefile:126: recipe for target 'cmTC_9bbfc/fast' failed
make: *** [cmTC_9bbfc/fast] Error 2


Determining if the include file sys/sysconf.h exists failed with the following output:
Change Dir: /home/morgan/Projects/Dungeon on the fly/build/CMakeFiles/CMakeTmp

Run Build Command:"/usr/bin/make" "cmTC_b1f90/fast"
/usr/bin/make -f CMakeFiles/cmTC_b1f90.dir/build.make CMakeFiles/cmTC_b1f90.dir/build
make[1]: Entering directory '/home/morgan/Projects/Dungeon on the fly/build/CMakeFiles/CMakeTmp'
Building C object CMakeFiles/cmTC_b1f90.dir/CheckIncludeFile.c.o
/usr/bin/cc    -std=c11   -D_POSIX_C_SOURCE=200112L -D_XOPEN_SOURCE=500 -D_LARGEFILE_SOURCE -D_LARGE_FILES   -o CMakeFiles/cmTC_b1f90.dir/CheckIncludeFile.c.o   -c "/home/morgan/Projects/Dungeon on the fly/build/CMakeFiles/CMakeTmp/CheckIncludeFile.c"
/home/morgan/Projects/Dungeon on the fly/build/CMakeFiles/CMakeTmp/CheckIncludeFile.c:1:25: fatal error: sys/sysconf.h: No such file or directory
compilation terminated.
CMakeFiles/cmTC_b1f90.dir/build.make:65: recipe for target 'CMakeFiles/cmTC_b1f90.dir/CheckIncludeFile.c.o' failed
make[1]: *** [CMakeFiles/cmTC_b1f90.dir/CheckIncludeFile.c.o] Error 1
make[1]: Leaving directory '/home/morgan/Projects/Dungeon on the fly/build/CMakeFiles/CMakeTmp'
Makefile:126: recipe for target 'cmTC_b1f90/fast' failed
make: *** [cmTC_b1f90/fast] Error 2


Determining if the include file ieeefp.h exists failed with the following output:
Change Dir: /home/morgan/Projects/Dungeon on the fly/build/CMakeFiles/CMakeTmp

Run Build Command:"/usr/bin/make" "cmTC_3f553/fast"
/usr/bin/make -f CMakeFiles/cmTC_3f553.dir/build.make CMakeFiles/cmTC_3f553.dir/build
make[1]: Entering directory '/home/morgan/Projects/Dungeon on the fly/build/CMakeFiles/CMakeTmp'
Building C object CMakeFiles/cmTC_3f553.dir/CheckIncludeFile.c.o
/usr/bin/cc    -std=c11   -D_POSIX_C_SOURCE=200112L -D_XOPEN_SOURCE=500 -D_LARGEFILE_SOURCE -D_LARGE_FILES   -o CMakeFiles/cmTC_3f553.dir/CheckIncludeFile.c.o   -c "/home/morgan/Projects/Dungeon on the fly/build/CMakeFiles/CMakeTmp/CheckIncludeFile.c"
/home/morgan/Projects/Dungeon on the fly/build/CMakeFiles/CMakeTmp/CheckIncludeFile.c:1:20: fatal error: ieeefp.h: No such file or directory
compilation terminated.
CMakeFiles/cmTC_3f553.dir/build.make:65: recipe for target 'CMakeFiles/cmTC_3f553.dir/CheckIncludeFile.c.o' failed
make[1]: *** [CMakeFiles/cmTC_3f553.dir/CheckIncludeFile.c.o] Error 1
make[1]: Leaving directory '/home/morgan/Projects/Dungeon on the fly/build/CMakeFiles/CMakeTmp'
Makefile:126: recipe for target 'cmTC_3f553/fast' failed
make: *** [cmTC_3f553/fast] Error 2


Determining if the include file guiddef.h exists failed with the following output:
Change Dir: /home/morgan/Projects/Dungeon on the fly/build/CMakeFiles/CMakeTmp

Run Build Command:"/usr/bin/make" "cmTC_e92a3/fast"
/usr/bin/make -f CMakeFiles/cmTC_e92a3.dir/build.make CMakeFiles/cmTC_e92a3.dir/build
make[1]: Entering directory '/home/morgan/Projects/Dungeon on the fly/build/CMakeFiles/CMakeTmp'
Building C object CMakeFiles/cmTC_e92a3.dir/CheckIncludeFile.c.o
/usr/bin/cc    -std=c11   -D_POSIX_C_SOURCE=200112L -D_XOPEN_SOURCE=500 -D_LARGEFILE_SOURCE -D_LARGE_FILES   -o CMakeFiles/cmTC_e92a3.dir/CheckIncludeFile.c.o   -c "/home/morgan/Projects/Dungeon on the fly/build/CMakeFiles/CMakeTmp/CheckIncludeFile.c"
/home/morgan/Projects/Dungeon on the fly/build/CMakeFiles/CMakeTmp/CheckIncludeFile.c:1:21: fatal error: guiddef.h: No such file or directory
compilation terminated.
CMakeFiles/cmTC_e92a3.dir/build.make:65: recipe for target 'CMakeFiles/cmTC_e92a3.dir/CheckIncludeFile.c.o' failed
make[1]: *** [CMakeFiles/cmTC_e92a3.dir/CheckIncludeFile.c.o] Error 1
make[1]: Leaving directory '/home/morgan/Projects/Dungeon on the fly/build/CMakeFiles/CMakeTmp'
Makefile:126: recipe for target 'cmTC_e92a3/fast' failed
make: *** [cmTC_e92a3/fast] Error 2


Determining if the include file initguid.h exists failed with the following output:
Change Dir: /home/morgan/Projects/Dungeon on the fly/build/CMakeFiles/CMakeTmp

Run Build Command:"/usr/bin/make" "cmTC_33e80/fast"
/usr/bin/make -f CMakeFiles/cmTC_33e80.dir/build.make CMakeFiles/cmTC_33e80.dir/build
make[1]: Entering directory '/home/morgan/Projects/Dungeon on the fly/build/CMakeFiles/CMakeTmp'
Building C object CMakeFiles/cmTC_33e80.dir/CheckIncludeFile.c.o
/usr/bin/cc    -std=c11   -D_POSIX_C_SOURCE=200112L -D_XOPEN_SOURCE=500 -D_LARGEFILE_SOURCE -D_LARGE_FILES   -o CMakeFiles/cmTC_33e80.dir/CheckIncludeFile.c.o   -c "/home/morgan/Projects/Dungeon on the fly/build/CMakeFiles/CMakeTmp/CheckIncludeFile.c"
/home/morgan/Projects/Dungeon on the fly/build/CMakeFiles/CMakeTmp/CheckIncludeFile.c:1:22: fatal error: initguid.h: No such file or directory
compilation terminated.
CMakeFiles/cmTC_33e80.dir/build.make:65: recipe for target 'CMakeFiles/cmTC_33e80.dir/CheckIncludeFile.c.o' failed
make[1]: *** [CMakeFiles/cmTC_33e80.dir/CheckIncludeFile.c.o] Error 1
make[1]: Leaving directory '/home/morgan/Projects/Dungeon on the fly/build/CMakeFiles/CMakeTmp'
Makefile:126: recipe for target 'cmTC_33e80/fast' failed
make: *** [cmTC_33e80/fast] Error 2


Determining if the _aligned_malloc exist failed with the following output:
Change Dir: /home/morgan/Projects/Dungeon on the fly/build/CMakeFiles/CMakeTmp

Run Build Command:"/usr/bin/make" "cmTC_5f1fc/fast"
/usr/bin/make -f CMakeFiles/cmTC_5f1fc.dir/build.make CMakeFiles/cmTC_5f1fc.dir/build
make[1]: Entering directory '/home/morgan/Projects/Dungeon on the fly/build/CMakeFiles/CMakeTmp'
Building C object CMakeFiles/cmTC_5f1fc.dir/CheckSymbolExists.c.o
/usr/bin/cc    -std=c11   -D_POSIX_C_SOURCE=200112L -D_XOPEN_SOURCE=500 -D_LARGEFILE_SOURCE -D_LARGE_FILES   -o CMakeFiles/cmTC_5f1fc.dir/CheckSymbolExists.c.o   -c "/home/morgan/Projects/Dungeon on the fly/build/CMakeFiles/CMakeTmp/CheckSymbolExists.c"
/home/morgan/Projects/Dungeon on the fly/build/CMakeFiles/CMakeTmp/CheckSymbolExists.c: In function ‘main’:
/home/morgan/Projects/Dungeon on the fly/build/CMakeFiles/CMakeTmp/CheckSymbolExists.c:8:19: error: ‘_aligned_malloc’ undeclared (first use in this function)
   return ((int*)(&_aligned_malloc))[argc];
                   ^
/home/morgan/Projects/Dungeon on the fly/build/CMakeFiles/CMakeTmp/CheckSymbolExists.c:8:19: note: each undeclared identifier is reported only once for each function it appears in
CMakeFiles/cmTC_5f1fc.dir/build.make:65: recipe for target 'CMakeFiles/cmTC_5f1fc.dir/CheckSymbolExists.c.o' failed
make[1]: *** [CMakeFiles/cmTC_5f1fc.dir/CheckSymbolExists.c.o] Error 1
make[1]: Leaving directory '/home/morgan/Projects/Dungeon on the fly/build/CMakeFiles/CMakeTmp'
Makefile:126: recipe for target 'cmTC_5f1fc/fast' failed
make: *** [cmTC_5f1fc/fast] Error 2

File /home/morgan/Projects/Dungeon on the fly/build/CMakeFiles/CMakeTmp/CheckSymbolExists.c:
/* */
#include <malloc.h>

int main(int argc, char** argv)
{
  (void)argv;
#ifndef _aligned_malloc
  return ((int*)(&_aligned_malloc))[argc];
#else
  (void)argc;
  return 0;
#endif
}

Determining if the _controlfp exist failed with the following output:
Change Dir: /home/morgan/Projects/Dungeon on the fly/build/CMakeFiles/CMakeTmp

Run Build Command:"/usr/bin/make" "cmTC_4e107/fast"
/usr/bin/make -f CMakeFiles/cmTC_4e107.dir/build.make CMakeFiles/cmTC_4e107.dir/build
make[1]: Entering directory '/home/morgan/Projects/Dungeon on the fly/build/CMakeFiles/CMakeTmp'
Building C object CMakeFiles/cmTC_4e107.dir/CheckSymbolExists.c.o
/usr/bin/cc    -std=c11   -D_POSIX_C_SOURCE=200112L -D_XOPEN_SOURCE=500 -D_LARGEFILE_SOURCE -D_LARGE_FILES   -o CMakeFiles/cmTC_4e107.dir/CheckSymbolExists.c.o   -c "/home/morgan/Projects/Dungeon on the fly/build/CMakeFiles/CMakeTmp/CheckSymbolExists.c"
/home/morgan/Projects/Dungeon on the fly/build/CMakeFiles/CMakeTmp/CheckSymbolExists.c: In function ‘main’:
/home/morgan/Projects/Dungeon on the fly/build/CMakeFiles/CMakeTmp/CheckSymbolExists.c:8:19: error: ‘_controlfp’ undeclared (first use in this function)
   return ((int*)(&_controlfp))[argc];
                   ^
/home/morgan/Projects/Dungeon on the fly/build/CMakeFiles/CMakeTmp/CheckSymbolExists.c:8:19: note: each undeclared identifier is reported only once for each function it appears in
CMakeFiles/cmTC_4e107.dir/build.make:65: recipe for target 'CMakeFiles/cmTC_4e107.dir/CheckSymbolExists.c.o' failed
make[1]: *** [CMakeFiles/cmTC_4e107.dir/CheckSymbolExists.c.o] Error 1
make[1]: Leaving directory '/home/morgan/Projects/Dungeon on the fly/build/CMakeFiles/CMakeTmp'
Makefile:126: recipe for target 'cmTC_4e107/fast' failed
make: *** [cmTC_4e107/fast] Error 2

File /home/morgan/Projects/Dungeon on the fly/build/CMakeFiles/CMakeTmp/CheckSymbolExists.c:
/* */
#include <float.h>

int main(int argc, char** argv)
{
  (void)argv;
#ifndef _controlfp
  return ((int*)(&_controlfp))[argc];
#else
  (void)argc;
  return 0;
#endif
}

Determining if the __control87_2 exist failed with the following output:
Change Dir: /home/morgan/Projects/Dungeon on the fly/build/CMakeFiles/CMakeTmp

Run Build Command:"/usr/bin/make" "cmTC_d3659/fast"
/usr/bin/make -f CMakeFiles/cmTC_d3659.dir/build.make CMakeFiles/cmTC_d3659.dir/build
make[1]: Entering directory '/home/morgan/Projects/Dungeon on the fly/build/CMakeFiles/CMakeTmp'
Building C object CMakeFiles/cmTC_d3659.dir/CheckSymbolExists.c.o
/usr/bin/cc    -std=c11   -D_POSIX_C_SOURCE=200112L -D_XOPEN_SOURCE=500 -D_LARGEFILE_SOURCE -D_LARGE_FILES   -o CMakeFiles/cmTC_d3659.dir/CheckSymbolExists.c.o   -c "/home/morgan/Projects/Dungeon on the fly/build/CMakeFiles/CMakeTmp/CheckSymbolExists.c"
/home/morgan/Projects/Dungeon on the fly/build/CMakeFiles/CMakeTmp/CheckSymbolExists.c: In function ‘main’:
/home/morgan/Projects/Dungeon on the fly/build/CMakeFiles/CMakeTmp/CheckSymbolExists.c:8:19: error: ‘__control87_2’ undeclared (first use in this function)
   return ((int*)(&__control87_2))[argc];
                   ^
/home/morgan/Projects/Dungeon on the fly/build/CMakeFiles/CMakeTmp/CheckSymbolExists.c:8:19: note: each undeclared identifier is reported only once for each function it appears in
CMakeFiles/cmTC_d3659.dir/build.make:65: recipe for target 'CMakeFiles/cmTC_d3659.dir/CheckSymbolExists.c.o' failed
make[1]: *** [CMakeFiles/cmTC_d3659.dir/CheckSymbolExists.c.o] Error 1
make[1]: Leaving directory '/home/morgan/Projects/Dungeon on the fly/build/CMakeFiles/CMakeTmp'
Makefile:126: recipe for target 'cmTC_d3659/fast' failed
make: *** [cmTC_d3659/fast] Error 2

File /home/morgan/Projects/Dungeon on the fly/build/CMakeFiles/CMakeTmp/CheckSymbolExists.c:
/* */
#include <float.h>

int main(int argc, char** argv)
{
  (void)argv;
#ifndef __control87_2
  return ((int*)(&__control87_2))[argc];
#else
  (void)argc;
  return 0;
#endif
}

Determining if the strnlen exist failed with the following output:
Change Dir: /home/morgan/Projects/Dungeon on the fly/build/CMakeFiles/CMakeTmp

Run Build Command:"/usr/bin/make" "cmTC_b5ddb/fast"
/usr/bin/make -f CMakeFiles/cmTC_b5ddb.dir/build.make CMakeFiles/cmTC_b5ddb.dir/build
make[1]: Entering directory '/home/morgan/Projects/Dungeon on the fly/build/CMakeFiles/CMakeTmp'
Building C object CMakeFiles/cmTC_b5ddb.dir/CheckSymbolExists.c.o
/usr/bin/cc    -std=c11   -D_POSIX_C_SOURCE=200112L -D_XOPEN_SOURCE=500 -D_LARGEFILE_SOURCE -D_LARGE_FILES   -o CMakeFiles/cmTC_b5ddb.dir/CheckSymbolExists.c.o   -c "/home/morgan/Projects/Dungeon on the fly/build/CMakeFiles/CMakeTmp/CheckSymbolExists.c"
/home/morgan/Projects/Dungeon on the fly/build/CMakeFiles/CMakeTmp/CheckSymbolExists.c: In function ‘main’:
/home/morgan/Projects/Dungeon on the fly/build/CMakeFiles/CMakeTmp/CheckSymbolExists.c:8:19: error: ‘strnlen’ undeclared (first use in this function)
   return ((int*)(&strnlen))[argc];
                   ^
/home/morgan/Projects/Dungeon on the fly/build/CMakeFiles/CMakeTmp/CheckSymbolExists.c:8:19: note: each undeclared identifier is reported only once for each function it appears in
CMakeFiles/cmTC_b5ddb.dir/build.make:65: recipe for target 'CMakeFiles/cmTC_b5ddb.dir/CheckSymbolExists.c.o' failed
make[1]: *** [CMakeFiles/cmTC_b5ddb.dir/CheckSymbolExists.c.o] Error 1
make[1]: Leaving directory '/home/morgan/Projects/Dungeon on the fly/build/CMakeFiles/CMakeTmp'
Makefile:126: recipe for target 'cmTC_b5ddb/fast' failed
make: *** [cmTC_b5ddb/fast] Error 2

File /home/morgan/Projects/Dungeon on the fly/build/CMakeFiles/CMakeTmp/CheckSymbolExists.c:
/* */
#include <string.h>

int main(int argc, char** argv)
{
  (void)argv;
#ifndef strnlen
  return ((int*)(&strnlen))[argc];
#else
  (void)argc;
  return 0;
#endif
}

Determining if the include file windows.h exists failed with the following output:
Change Dir: /home/morgan/Projects/Dungeon on the fly/build/CMakeFiles/CMakeTmp

Run Build Command:"/usr/bin/make" "cmTC_1cca5/fast"
/usr/bin/make -f CMakeFiles/cmTC_1cca5.dir/build.make CMakeFiles/cmTC_1cca5.dir/build
make[1]: Entering directory '/home/morgan/Projects/Dungeon on the fly/build/CMakeFiles/CMakeTmp'
Building C object CMakeFiles/cmTC_1cca5.dir/CheckIncludeFile.c.o
/usr/bin/cc    -std=c11  -D_WIN32_WINNT=0x0502  -D_POSIX_C_SOURCE=200112L -D_XOPEN_SOURCE=500 -D_LARGEFILE_SOURCE -D_LARGE_FILES   -o CMakeFiles/cmTC_1cca5.dir/CheckIncludeFile.c.o   -c "/home/morgan/Projects/Dungeon on the fly/build/CMakeFiles/CMakeTmp/CheckIncludeFile.c"
/home/morgan/Projects/Dungeon on the fly/build/CMakeFiles/CMakeTmp/CheckIncludeFile.c:1:21: fatal error: windows.h: No such file or directory
compilation terminated.
CMakeFiles/cmTC_1cca5.dir/build.make:65: recipe for target 'CMakeFiles/cmTC_1cca5.dir/CheckIncludeFile.c.o' failed
make[1]: *** [CMakeFiles/cmTC_1cca5.dir/CheckIncludeFile.c.o] Error 1
make[1]: Leaving directory '/home/morgan/Projects/Dungeon on the fly/build/CMakeFiles/CMakeTmp'
Makefile:126: recipe for target 'cmTC_1cca5/fast' failed
make: *** [cmTC_1cca5/fast] Error 2


Determining if files pthread.h;pthread_np.h exist failed with the following output:
Change Dir: /home/morgan/Projects/Dungeon on the fly/build/CMakeFiles/CMakeTmp

Run Build Command:"/usr/bin/make" "cmTC_28dd8/fast"
/usr/bin/make -f CMakeFiles/cmTC_28dd8.dir/build.make CMakeFiles/cmTC_28dd8.dir/build
make[1]: Entering directory '/home/morgan/Projects/Dungeon on the fly/build/CMakeFiles/CMakeTmp'
Building C object CMakeFiles/cmTC_28dd8.dir/CheckIncludeFiles.c.o
/usr/bin/cc    -std=c11   -D_POSIX_C_SOURCE=200112L -D_XOPEN_SOURCE=500 -D_LARGEFILE_SOURCE -D_LARGE_FILES   -o CMakeFiles/cmTC_28dd8.dir/CheckIncludeFiles.c.o   -c "/home/morgan/Projects/Dungeon on the fly/build/CMakeFiles/CMakeTmp/CheckIncludeFiles.c"
/home/morgan/Projects/Dungeon on the fly/build/CMakeFiles/CMakeTmp/CheckIncludeFiles.c:3:24: fatal error: pthread_np.h: No such file or directory
compilation terminated.
CMakeFiles/cmTC_28dd8.dir/build.make:65: recipe for target 'CMakeFiles/cmTC_28dd8.dir/CheckIncludeFiles.c.o' failed
make[1]: *** [CMakeFiles/cmTC_28dd8.dir/CheckIncludeFiles.c.o] Error 1
make[1]: Leaving directory '/home/morgan/Projects/Dungeon on the fly/build/CMakeFiles/CMakeTmp'
Makefile:126: recipe for target 'cmTC_28dd8/fast' failed
make: *** [cmTC_28dd8/fast] Error 2

Source:
/* */
#include <pthread.h>
#include <pthread_np.h>


int main(void){return 0;}

Determining if the pthread_setname_np exist failed with the following output:
Change Dir: /home/morgan/Projects/Dungeon on the fly/build/CMakeFiles/CMakeTmp

Run Build Command:"/usr/bin/make" "cmTC_25b41/fast"
/usr/bin/make -f CMakeFiles/cmTC_25b41.dir/build.make CMakeFiles/cmTC_25b41.dir/build
make[1]: Entering directory '/home/morgan/Projects/Dungeon on the fly/build/CMakeFiles/CMakeTmp'
Building C object CMakeFiles/cmTC_25b41.dir/CheckSymbolExists.c.o
/usr/bin/cc    -std=c11   -D_POSIX_C_SOURCE=200112L -D_XOPEN_SOURCE=500 -D_LARGEFILE_SOURCE -D_LARGE_FILES -pthread   -o CMakeFiles/cmTC_25b41.dir/CheckSymbolExists.c.o   -c "/home/morgan/Projects/Dungeon on the fly/build/CMakeFiles/CMakeTmp/CheckSymbolExists.c"
/home/morgan/Projects/Dungeon on the fly/build/CMakeFiles/CMakeTmp/CheckSymbolExists.c: In function ‘main’:
/home/morgan/Projects/Dungeon on the fly/build/CMakeFiles/CMakeTmp/CheckSymbolExists.c:8:19: error: ‘pthread_setname_np’ undeclared (first use in this function)
   return ((int*)(&pthread_setname_np))[argc];
                   ^
/home/morgan/Projects/Dungeon on the fly/build/CMakeFiles/CMakeTmp/CheckSymbolExists.c:8:19: note: each undeclared identifier is reported only once for each function it appears in
CMakeFiles/cmTC_25b41.dir/build.make:65: recipe for target 'CMakeFiles/cmTC_25b41.dir/CheckSymbolExists.c.o' failed
make[1]: *** [CMakeFiles/cmTC_25b41.dir/CheckSymbolExists.c.o] Error 1
make[1]: Leaving directory '/home/morgan/Projects/Dungeon on the fly/build/CMakeFiles/CMakeTmp'
Makefile:126: recipe for target 'cmTC_25b41/fast' failed
make: *** [cmTC_25b41/fast] Error 2

File /home/morgan/Projects/Dungeon on the fly/build/CMakeFiles/CMakeTmp/CheckSymbolExists.c:
/* */
#include <pthread.h>

int main(int argc, char** argv)
{
  (void)argv;
#ifndef pthread_setname_np
  return ((int*)(&pthread_setname_np))[argc];
#else
  (void)argc;
  return 0;
#endif
}

Determining if the pthread_set_name_np exist failed with the following output:
Change Dir: /home/morgan/Projects/Dungeon on the fly/build/CMakeFiles/CMakeTmp

Run Build Command:"/usr/bin/make" "cmTC_2dbe1/fast"
/usr/bin/make -f CMakeFiles/cmTC_2dbe1.dir/build.make CMakeFiles/cmTC_2dbe1.dir/build
make[1]: Entering directory '/home/morgan/Projects/Dungeon on the fly/build/CMakeFiles/CMakeTmp'
Building C object CMakeFiles/cmTC_2dbe1.dir/CheckSymbolExists.c.o
/usr/bin/cc    -std=c11   -D_POSIX_C_SOURCE=200112L -D_XOPEN_SOURCE=500 -D_LARGEFILE_SOURCE -D_LARGE_FILES -pthread   -o CMakeFiles/cmTC_2dbe1.dir/CheckSymbolExists.c.o   -c "/home/morgan/Projects/Dungeon on the fly/build/CMakeFiles/CMakeTmp/CheckSymbolExists.c"
/home/morgan/Projects/Dungeon on the fly/build/CMakeFiles/CMakeTmp/CheckSymbolExists.c: In function ‘main’:
/home/morgan/Projects/Dungeon on the fly/build/CMakeFiles/CMakeTmp/CheckSymbolExists.c:8:19: error: ‘pthread_set_name_np’ undeclared (first use in this function)
   return ((int*)(&pthread_set_name_np))[argc];
                   ^
/home/morgan/Projects/Dungeon on the fly/build/CMakeFiles/CMakeTmp/CheckSymbolExists.c:8:19: note: each undeclared identifier is reported only once for each function it appears in
CMakeFiles/cmTC_2dbe1.dir/build.make:65: recipe for target 'CMakeFiles/cmTC_2dbe1.dir/CheckSymbolExists.c.o' failed
make[1]: *** [CMakeFiles/cmTC_2dbe1.dir/CheckSymbolExists.c.o] Error 1
make[1]: Leaving directory '/home/morgan/Projects/Dungeon on the fly/build/CMakeFiles/CMakeTmp'
Makefile:126: recipe for target 'cmTC_2dbe1/fast' failed
make: *** [cmTC_2dbe1/fast] Error 2

File /home/morgan/Projects/Dungeon on the fly/build/CMakeFiles/CMakeTmp/CheckSymbolExists.c:
/* */
#include <pthread.h>

int main(int argc, char** argv)
{
  (void)argv;
#ifndef pthread_set_name_np
  return ((int*)(&pthread_set_name_np))[argc];
#else
  (void)argc;
  return 0;
#endif
}

Determining if the pthread_mutexattr_setkind_np exist failed with the following output:
Change Dir: /home/morgan/Projects/Dungeon on the fly/build/CMakeFiles/CMakeTmp

Run Build Command:"/usr/bin/make" "cmTC_f4d76/fast"
/usr/bin/make -f CMakeFiles/cmTC_f4d76.dir/build.make CMakeFiles/cmTC_f4d76.dir/build
make[1]: Entering directory '/home/morgan/Projects/Dungeon on the fly/build/CMakeFiles/CMakeTmp'
Building C object CMakeFiles/cmTC_f4d76.dir/CheckSymbolExists.c.o
/usr/bin/cc    -std=c11   -D_POSIX_C_SOURCE=200112L -D_XOPEN_SOURCE=500 -D_LARGEFILE_SOURCE -D_LARGE_FILES -pthread   -o CMakeFiles/cmTC_f4d76.dir/CheckSymbolExists.c.o   -c "/home/morgan/Projects/Dungeon on the fly/build/CMakeFiles/CMakeTmp/CheckSymbolExists.c"
/home/morgan/Projects/Dungeon on the fly/build/CMakeFiles/CMakeTmp/CheckSymbolExists.c: In function ‘main’:
/home/morgan/Projects/Dungeon on the fly/build/CMakeFiles/CMakeTmp/CheckSymbolExists.c:8:19: error: ‘pthread_mutexattr_setkind_np’ undeclared (first use in this function)
   return ((int*)(&pthread_mutexattr_setkind_np))[argc];
                   ^
/home/morgan/Projects/Dungeon on the fly/build/CMakeFiles/CMakeTmp/CheckSymbolExists.c:8:19: note: each undeclared identifier is reported only once for each function it appears in
CMakeFiles/cmTC_f4d76.dir/build.make:65: recipe for target 'CMakeFiles/cmTC_f4d76.dir/CheckSymbolExists.c.o' failed
make[1]: *** [CMakeFiles/cmTC_f4d76.dir/CheckSymbolExists.c.o] Error 1
make[1]: Leaving directory '/home/morgan/Projects/Dungeon on the fly/build/CMakeFiles/CMakeTmp'
Makefile:126: recipe for target 'cmTC_f4d76/fast' failed
make: *** [cmTC_f4d76/fast] Error 2

File /home/morgan/Projects/Dungeon on the fly/build/CMakeFiles/CMakeTmp/CheckSymbolExists.c:
/* */
#include <pthread.h>

int main(int argc, char** argv)
{
  (void)argv;
#ifndef pthread_mutexattr_setkind_np
  return ((int*)(&pthread_mutexattr_setkind_np))[argc];
#else
  (void)argc;
  return 0;
#endif
}

Determining if the include file arm_neon.h exists failed with the following output:
Change Dir: /home/morgan/Projects/Dungeon on the fly/build/CMakeFiles/CMakeTmp

Run Build Command:"/usr/bin/make" "cmTC_aeb4b/fast"
/usr/bin/make -f CMakeFiles/cmTC_aeb4b.dir/build.make CMakeFiles/cmTC_aeb4b.dir/build
make[1]: Entering directory '/home/morgan/Projects/Dungeon on the fly/build/CMakeFiles/CMakeTmp'
Building C object CMakeFiles/cmTC_aeb4b.dir/CheckIncludeFile.c.o
/usr/bin/cc    -std=c11   -D_POSIX_C_SOURCE=200112L -D_XOPEN_SOURCE=500 -D_LARGEFILE_SOURCE -D_LARGE_FILES -pthread   -o CMakeFiles/cmTC_aeb4b.dir/CheckIncludeFile.c.o   -c "/home/morgan/Projects/Dungeon on the fly/build/CMakeFiles/CMakeTmp/CheckIncludeFile.c"
/home/morgan/Projects/Dungeon on the fly/build/CMakeFiles/CMakeTmp/CheckIncludeFile.c:1:22: fatal error: arm_neon.h: No such file or directory
compilation terminated.
CMakeFiles/cmTC_aeb4b.dir/build.make:65: recipe for target 'CMakeFiles/cmTC_aeb4b.dir/CheckIncludeFile.c.o' failed
make[1]: *** [CMakeFiles/cmTC_aeb4b.dir/CheckIncludeFile.c.o] Error 1
make[1]: Leaving directory '/home/morgan/Projects/Dungeon on the fly/build/CMakeFiles/CMakeTmp'
Makefile:126: recipe for target 'cmTC_aeb4b/fast' failed
make: *** [cmTC_aeb4b/fast] Error 2


Determining if files SLES/OpenSLES.h;SLES/OpenSLES_Android.h exist failed with the following output:
Change Dir: /home/morgan/Projects/Dungeon on the fly/build/CMakeFiles/CMakeTmp

Run Build Command:"/usr/bin/make" "cmTC_922a6/fast"
/usr/bin/make -f CMakeFiles/cmTC_922a6.dir/build.make CMakeFiles/cmTC_922a6.dir/build
make[1]: Entering directory '/home/morgan/Projects/Dungeon on the fly/build/CMakeFiles/CMakeTmp'
Building C object CMakeFiles/cmTC_922a6.dir/CheckIncludeFiles.c.o
/usr/bin/cc    -std=c11   -D_POSIX_C_SOURCE=200112L -D_XOPEN_SOURCE=500 -D_LARGEFILE_SOURCE -D_LARGE_FILES -pthread   -o CMakeFiles/cmTC_922a6.dir/CheckIncludeFiles.c.o   -c "/home/morgan/Projects/Dungeon on the fly/build/CMakeFiles/CMakeTmp/CheckIncludeFiles.c"
/home/morgan/Projects/Dungeon on the fly/build/CMakeFiles/CMakeTmp/CheckIncludeFiles.c:2:27: fatal error: SLES/OpenSLES.h: No such file or directory
compilation terminated.
CMakeFiles/cmTC_922a6.dir/build.make:65: recipe for target 'CMakeFiles/cmTC_922a6.dir/CheckIncludeFiles.c.o' failed
make[1]: *** [CMakeFiles/cmTC_922a6.dir/CheckIncludeFiles.c.o] Error 1
make[1]: Leaving directory '/home/morgan/Projects/Dungeon on the fly/build/CMakeFiles/CMakeTmp'
Makefile:126: recipe for target 'cmTC_922a6/fast' failed
make: *** [cmTC_922a6/fast] Error 2

Source:
/* */
#include <SLES/OpenSLES.h>
#include <SLES/OpenSLES_Android.h>


int main(void){return 0;}

